mode: set
microservice_job_avito/internal/database/business.go:33.85,36.16 2 1
microservice_job_avito/internal/database/business.go:42.2,49.16 4 1
microservice_job_avito/internal/database/business.go:55.2,58.26 3 1
microservice_job_avito/internal/database/business.go:70.2,75.16 4 1
microservice_job_avito/internal/database/business.go:81.2,81.19 1 1
microservice_job_avito/internal/database/business.go:87.2,89.16 2 1
microservice_job_avito/internal/database/business.go:95.2,97.33 2 1
microservice_job_avito/internal/database/business.go:36.16,40.3 2 0
microservice_job_avito/internal/database/business.go:49.16,53.3 2 0
microservice_job_avito/internal/database/business.go:58.26,63.3 2 1
microservice_job_avito/internal/database/business.go:63.8,63.23 1 1
microservice_job_avito/internal/database/business.go:63.23,67.3 2 0
microservice_job_avito/internal/database/business.go:75.16,79.3 2 0
microservice_job_avito/internal/database/business.go:81.19,85.3 2 1
microservice_job_avito/internal/database/business.go:89.16,93.3 2 1
microservice_job_avito/internal/database/business.go:107.74,110.16 2 1
microservice_job_avito/internal/database/business.go:116.2,123.16 4 1
microservice_job_avito/internal/database/business.go:129.2,132.26 3 1
microservice_job_avito/internal/database/business.go:151.2,153.16 2 1
microservice_job_avito/internal/database/business.go:159.2,164.16 4 1
microservice_job_avito/internal/database/business.go:170.2,171.33 2 1
microservice_job_avito/internal/database/business.go:110.16,114.3 2 0
microservice_job_avito/internal/database/business.go:123.16,127.3 2 0
microservice_job_avito/internal/database/business.go:132.26,134.63 1 0
microservice_job_avito/internal/database/business.go:140.3,140.66 1 0
microservice_job_avito/internal/database/business.go:134.63,138.4 2 0
microservice_job_avito/internal/database/business.go:140.66,144.4 2 0
microservice_job_avito/internal/database/business.go:146.8,146.23 1 1
microservice_job_avito/internal/database/business.go:146.23,148.3 1 0
microservice_job_avito/internal/database/business.go:153.16,157.3 2 0
microservice_job_avito/internal/database/business.go:164.16,168.3 2 0
microservice_job_avito/internal/database/business.go:181.74,184.16 2 1
microservice_job_avito/internal/database/business.go:190.2,197.16 4 1
microservice_job_avito/internal/database/business.go:203.2,206.26 3 1
microservice_job_avito/internal/database/business.go:218.2,223.16 4 1
microservice_job_avito/internal/database/business.go:234.2,234.73 1 1
microservice_job_avito/internal/database/business.go:247.2,250.16 3 1
microservice_job_avito/internal/database/business.go:256.2,257.33 2 1
microservice_job_avito/internal/database/business.go:184.16,188.3 2 0
microservice_job_avito/internal/database/business.go:197.16,201.3 2 0
microservice_job_avito/internal/database/business.go:206.26,211.3 2 0
microservice_job_avito/internal/database/business.go:211.8,211.23 1 1
microservice_job_avito/internal/database/business.go:211.23,215.3 2 0
microservice_job_avito/internal/database/business.go:223.16,228.3 2 0
microservice_job_avito/internal/database/business.go:228.8,228.28 1 1
microservice_job_avito/internal/database/business.go:228.28,232.3 2 1
microservice_job_avito/internal/database/business.go:234.73,236.70 1 0
microservice_job_avito/internal/database/business.go:242.3,244.61 2 0
microservice_job_avito/internal/database/business.go:236.70,240.4 2 0
microservice_job_avito/internal/database/business.go:250.16,254.3 2 0
microservice_job_avito/internal/database/business.go:268.100,271.16 2 1
microservice_job_avito/internal/database/business.go:277.2,284.16 4 1
microservice_job_avito/internal/database/business.go:290.2,293.26 3 1
microservice_job_avito/internal/database/business.go:305.2,307.16 2 1
microservice_job_avito/internal/database/business.go:313.2,315.26 2 1
microservice_job_avito/internal/database/business.go:326.2,326.77 1 1
microservice_job_avito/internal/database/business.go:332.2,332.73 1 1
microservice_job_avito/internal/database/business.go:338.2,343.16 4 1
microservice_job_avito/internal/database/business.go:349.2,352.16 3 1
microservice_job_avito/internal/database/business.go:358.2,360.33 2 1
microservice_job_avito/internal/database/business.go:271.16,275.3 2 0
microservice_job_avito/internal/database/business.go:284.16,288.3 2 0
microservice_job_avito/internal/database/business.go:293.26,298.3 2 1
microservice_job_avito/internal/database/business.go:298.8,298.23 1 1
microservice_job_avito/internal/database/business.go:298.23,302.3 2 0
microservice_job_avito/internal/database/business.go:307.16,311.3 2 0
microservice_job_avito/internal/database/business.go:315.26,320.3 2 1
microservice_job_avito/internal/database/business.go:320.8,320.23 1 1
microservice_job_avito/internal/database/business.go:320.23,324.3 2 0
microservice_job_avito/internal/database/business.go:326.77,330.3 2 0
microservice_job_avito/internal/database/business.go:332.73,336.3 2 0
microservice_job_avito/internal/database/business.go:343.16,347.3 2 0
microservice_job_avito/internal/database/business.go:352.16,356.3 2 0
microservice_job_avito/internal/database/error_handling.go:12.62,22.2 3 1
microservice_job_avito/internal/database/http.go:14.20,23.2 6 0
microservice_job_avito/internal/database/http.go:30.57,43.45 2 1
microservice_job_avito/internal/database/http.go:52.2,52.23 1 1
microservice_job_avito/internal/database/http.go:75.2,75.56 1 1
microservice_job_avito/internal/database/http.go:124.2,124.29 1 1
microservice_job_avito/internal/database/http.go:133.2,135.16 2 1
microservice_job_avito/internal/database/http.go:144.2,149.8 4 1
microservice_job_avito/internal/database/http.go:43.45,50.3 4 1
microservice_job_avito/internal/database/http.go:52.23,54.45 1 1
microservice_job_avito/internal/database/http.go:64.3,64.51 1 1
microservice_job_avito/internal/database/http.go:54.45,61.4 4 1
microservice_job_avito/internal/database/http.go:64.51,71.4 4 1
microservice_job_avito/internal/database/http.go:75.56,81.32 4 1
microservice_job_avito/internal/database/http.go:81.32,83.4 1 1
microservice_job_avito/internal/database/http.go:85.8,85.46 1 1
microservice_job_avito/internal/database/http.go:85.46,90.50 3 1
microservice_job_avito/internal/database/http.go:99.3,102.32 3 1
microservice_job_avito/internal/database/http.go:90.50,97.4 4 1
microservice_job_avito/internal/database/http.go:102.32,104.4 1 1
microservice_job_avito/internal/database/http.go:106.8,106.30 1 1
microservice_job_avito/internal/database/http.go:106.30,110.32 3 1
microservice_job_avito/internal/database/http.go:110.32,112.4 1 1
microservice_job_avito/internal/database/http.go:114.8,121.3 4 1
microservice_job_avito/internal/database/http.go:124.29,131.3 4 1
microservice_job_avito/internal/database/http.go:135.16,142.3 4 1
microservice_job_avito/internal/database/http.go:158.66,170.45 2 1
microservice_job_avito/internal/database/http.go:179.2,181.23 2 1
microservice_job_avito/internal/database/http.go:206.2,206.56 1 1
microservice_job_avito/internal/database/http.go:242.2,242.55 1 1
microservice_job_avito/internal/database/http.go:252.2,255.29 3 1
microservice_job_avito/internal/database/http.go:264.2,264.31 1 1
microservice_job_avito/internal/database/http.go:271.2,276.8 4 1
microservice_job_avito/internal/database/http.go:170.45,177.3 4 1
microservice_job_avito/internal/database/http.go:181.23,183.32 1 1
microservice_job_avito/internal/database/http.go:195.3,195.79 1 1
microservice_job_avito/internal/database/http.go:183.32,184.47 1 1
microservice_job_avito/internal/database/http.go:184.47,191.5 4 1
microservice_job_avito/internal/database/http.go:195.79,202.4 4 1
microservice_job_avito/internal/database/http.go:206.56,212.3 3 1
microservice_job_avito/internal/database/http.go:212.8,212.46 1 1
microservice_job_avito/internal/database/http.go:212.46,217.50 3 1
microservice_job_avito/internal/database/http.go:226.3,227.35 2 1
microservice_job_avito/internal/database/http.go:217.50,224.4 4 1
microservice_job_avito/internal/database/http.go:229.8,229.30 1 1
microservice_job_avito/internal/database/http.go:229.30,232.3 2 1
microservice_job_avito/internal/database/http.go:232.8,239.3 4 0
microservice_job_avito/internal/database/http.go:242.55,249.3 4 1
microservice_job_avito/internal/database/http.go:255.29,262.3 4 1
microservice_job_avito/internal/database/http.go:264.31,267.3 1 1
microservice_job_avito/internal/database/http.go:267.8,267.38 1 1
microservice_job_avito/internal/database/http.go:267.38,269.3 1 1
microservice_job_avito/internal/database/http.go:286.57,299.45 2 1
microservice_job_avito/internal/database/http.go:308.2,310.23 2 1
microservice_job_avito/internal/database/http.go:335.2,335.56 1 1
microservice_job_avito/internal/database/http.go:374.2,374.80 1 1
microservice_job_avito/internal/database/http.go:384.2,387.29 3 1
microservice_job_avito/internal/database/http.go:396.2,403.8 5 1
microservice_job_avito/internal/database/http.go:299.45,306.3 4 1
microservice_job_avito/internal/database/http.go:310.23,312.32 1 1
microservice_job_avito/internal/database/http.go:324.3,324.104 1 1
microservice_job_avito/internal/database/http.go:312.32,313.47 1 1
microservice_job_avito/internal/database/http.go:313.47,320.5 4 1
microservice_job_avito/internal/database/http.go:324.104,331.4 4 1
microservice_job_avito/internal/database/http.go:335.56,342.3 4 1
microservice_job_avito/internal/database/http.go:342.8,342.46 1 1
microservice_job_avito/internal/database/http.go:342.46,347.50 3 1
microservice_job_avito/internal/database/http.go:356.3,358.35 3 1
microservice_job_avito/internal/database/http.go:347.50,354.4 4 1
microservice_job_avito/internal/database/http.go:360.8,360.30 1 1
microservice_job_avito/internal/database/http.go:360.30,364.3 3 1
microservice_job_avito/internal/database/http.go:364.8,371.3 4 0
microservice_job_avito/internal/database/http.go:374.80,381.3 4 1
microservice_job_avito/internal/database/http.go:387.29,394.3 4 1
microservice_job_avito/internal/database/http.go:407.55,414.2 4 1
